TN:
SF:src/f2hms/index.ts
FN:6,(anonymous_0)
FNF:1
FNH:1
FNDA:101,(anonymous_0)
DA:6,2
DA:7,101
DA:8,99
DA:10,99
DA:12,99
DA:13,99
DA:14,99
DA:16,99
DA:22,2
DA:23,2
DA:24,2
DA:25,2
DA:33,2
LF:13
LH:13
BRDA:7,0,0,99
BRDA:7,0,1,2
BRDA:7,1,0,101
BRDA:7,1,1,99
BRDA:10,2,0,51
BRDA:10,2,1,48
BRF:6
BRH:6
end_of_record
TN:
SF:src/gregorian/index.ts
FN:16,toGregorian
FNF:1
FNH:1
FNDA:16,toGregorian
DA:1,1
DA:2,1
DA:16,1
DA:17,16
DA:18,16
DA:20,16
DA:21,13
DA:22,13
DA:23,13
DA:24,13
DA:25,13
DA:26,13
DA:28,3
DA:29,3
DA:30,3
DA:31,3
DA:32,3
DA:33,3
DA:35,16
LF:19
LH:19
BRDA:20,0,0,13
BRDA:20,0,1,3
BRF:2
BRH:2
end_of_record
TN:
SF:src/ifnav/index.ts
FN:2,(anonymous_1)
FNF:1
FNH:1
FNDA:16,(anonymous_1)
DA:1,1
DA:2,1
DA:3,16
DA:4,16
DA:5,16
DA:6,16
DA:25,16
DA:26,1
DA:27,1
DA:28,1
DA:29,1
DA:30,1
DA:31,1
DA:32,1
DA:33,1
DA:34,1
DA:35,1
DA:36,1
DA:37,1
DA:38,1
DA:39,1
DA:40,1
DA:41,1
DA:42,0
DA:44,1
DA:45,1
DA:46,11
DA:47,11
DA:49,0
DA:51,11
DA:52,11
DA:53,0
DA:55,11
DA:59,0
DA:60,0
DA:61,0
DA:63,0
DA:67,15
DA:68,0
DA:69,0
DA:70,0
DA:71,0
DA:72,0
DA:73,0
DA:74,0
DA:75,0
DA:76,0
DA:77,0
DA:78,0
DA:79,0
DA:80,0
DA:81,0
DA:82,0
DA:83,0
DA:84,0
DA:86,0
DA:87,0
DA:88,0
DA:89,0
DA:91,0
DA:93,0
DA:94,0
DA:95,0
DA:97,0
DA:101,0
DA:102,0
DA:103,0
DA:105,0
DA:109,15
DA:110,15
DA:111,15
DA:112,15
DA:113,15
DA:114,15
DA:115,14
DA:117,1
DA:119,15
DA:120,15
DA:121,15
DA:122,15
DA:123,15
DA:124,15
DA:125,15
DA:126,15
DA:127,15
DA:128,15
DA:129,1
DA:131,15
DA:132,14
DA:133,129
DA:134,115
DA:136,14
DA:138,115
DA:139,115
DA:140,0
DA:142,115
DA:146,1
DA:147,1
DA:148,1
DA:150,0
DA:155,16
DA:165,1
LF:102
LH:63
BRDA:25,0,0,1
BRDA:25,0,1,15
BRDA:41,1,0,0
BRDA:44,2,0,1
BRDA:44,2,1,0
BRDA:46,3,0,11
BRDA:46,3,1,0
BRDA:52,4,0,0
BRDA:52,4,1,11
BRDA:60,5,0,0
BRDA:60,5,1,0
BRDA:67,6,0,0
BRDA:67,6,1,15
BRDA:83,7,0,0
BRDA:86,8,0,0
BRDA:86,8,1,0
BRDA:88,9,0,0
BRDA:88,9,1,0
BRDA:94,10,0,0
BRDA:94,10,1,0
BRDA:102,11,0,0
BRDA:102,11,1,0
BRDA:114,12,0,14
BRDA:114,12,1,1
BRDA:128,13,0,1
BRDA:131,14,0,14
BRDA:131,14,1,1
BRDA:133,15,0,115
BRDA:133,15,1,14
BRDA:139,16,0,0
BRDA:139,16,1,115
BRDA:147,17,0,1
BRDA:147,17,1,0
BRF:33
BRH:15
end_of_record
TN:
SF:src/ifpos/index.ts
FN:2,(anonymous_1)
FNF:1
FNH:1
FNDA:16,(anonymous_1)
DA:1,1
DA:2,1
DA:3,16
DA:4,16
DA:5,16
DA:7,16
DA:8,16
DA:9,16
DA:11,16
DA:12,16
DA:13,16
DA:15,16
DA:16,16
DA:17,16
DA:19,16
DA:20,16
DA:21,16
DA:22,16
DA:25,16
DA:26,16
DA:27,16
DA:28,16
DA:38,1
LF:23
LH:23
BRF:0
BRH:0
end_of_record
TN:
SF:src/julian/index.ts
FN:11,toJD
FN:12,(anonymous_1)
FNF:2
FNH:2
FNDA:16,toJD
FNDA:48,(anonymous_1)
DA:11,1
DA:12,16
DA:13,48
DA:15,16
DA:16,16
DA:17,16
DA:18,16
DA:19,16
DA:20,16
DA:21,14
DA:22,14
DA:23,14
DA:24,14
DA:25,14
DA:27,14
DA:33,14
DA:35,2
LF:17
LH:17
BRDA:20,0,0,14
BRDA:20,0,1,2
BRDA:20,1,0,16
BRDA:20,1,1,15
BRDA:20,1,2,15
BRDA:20,1,3,15
BRDA:20,1,4,14
BRF:7
BRH:7
end_of_record
