{"/home/ptm/Documents/Node-js-projects/DATE-TIME/gregorian-julian.js/src/f2hms/index.ts": {"path":"/home/ptm/Documents/Node-js-projects/DATE-TIME/gregorian-julian.js/src/f2hms/index.ts","statementMap":{"0":{"start":{"line":6,"column":14},"end":{"line":31,"column":1}},"1":{"start":{"line":7,"column":2},"end":{"line":30,"column":3}},"2":{"start":{"line":8,"column":25},"end":{"line":8,"column":34}},"3":{"start":{"line":10,"column":6},"end":{"line":10,"column":60}},"4":{"start":{"line":12,"column":17},"end":{"line":12,"column":51}},"5":{"start":{"line":13,"column":19},"end":{"line":13,"column":60}},"6":{"start":{"line":14,"column":19},"end":{"line":14,"column":51}},"7":{"start":{"line":16,"column":4},"end":{"line":20,"column":6}},"8":{"start":{"line":22,"column":17},"end":{"line":22,"column":20}},"9":{"start":{"line":23,"column":19},"end":{"line":23,"column":22}},"10":{"start":{"line":24,"column":19},"end":{"line":24,"column":22}},"11":{"start":{"line":25,"column":4},"end":{"line":29,"column":8}},"12":{"start":{"line":33,"column":0},"end":{"line":33,"column":21}}},"fnMap":{"0":{"name":"(anonymous_0)","decl":{"start":{"line":6,"column":14},"end":{"line":6,"column":15}},"loc":{"start":{"line":6,"column":28},"end":{"line":31,"column":1}}}},"branchMap":{"0":{"loc":{"start":{"line":7,"column":2},"end":{"line":30,"column":3}},"type":"if","locations":[{"start":{"line":7,"column":2},"end":{"line":30,"column":3}},{"start":{"line":21,"column":9},"end":{"line":30,"column":3}}]},"1":{"loc":{"start":{"line":7,"column":6},"end":{"line":7,"column":21}},"type":"binary-expr","locations":[{"start":{"line":7,"column":6},"end":{"line":7,"column":11}},{"start":{"line":7,"column":15},"end":{"line":7,"column":21}}]},"2":{"loc":{"start":{"line":10,"column":6},"end":{"line":10,"column":60}},"type":"cond-expr","locations":[{"start":{"line":10,"column":17},"end":{"line":10,"column":37}},{"start":{"line":10,"column":40},"end":{"line":10,"column":60}}]}},"s":{"0":2,"1":101,"2":99,"3":99,"4":99,"5":99,"6":99,"7":99,"8":2,"9":2,"10":2,"11":2,"12":2},"f":{"0":101},"b":{"0":[99,2],"1":[101,99],"2":[51,48]}}
,"/home/ptm/Documents/Node-js-projects/DATE-TIME/gregorian-julian.js/src/gregorian/index.ts": {"path":"/home/ptm/Documents/Node-js-projects/DATE-TIME/gregorian-julian.js/src/gregorian/index.ts","statementMap":{"0":{"start":{"line":1,"column":0},"end":{"line":1,"column":29}},"1":{"start":{"line":2,"column":0},"end":{"line":2,"column":29}},"2":{"start":{"line":17,"column":13},"end":{"line":17,"column":22}},"3":{"start":{"line":18,"column":13},"end":{"line":18,"column":22}},"4":{"start":{"line":20,"column":2},"end":{"line":34,"column":3}},"5":{"start":{"line":21,"column":4},"end":{"line":21,"column":19}},"6":{"start":{"line":22,"column":4},"end":{"line":22,"column":21}},"7":{"start":{"line":23,"column":4},"end":{"line":23,"column":17}},"8":{"start":{"line":24,"column":4},"end":{"line":24,"column":19}},"9":{"start":{"line":25,"column":4},"end":{"line":25,"column":23}},"10":{"start":{"line":26,"column":4},"end":{"line":26,"column":23}},"11":{"start":{"line":28,"column":4},"end":{"line":28,"column":19}},"12":{"start":{"line":29,"column":4},"end":{"line":29,"column":21}},"13":{"start":{"line":30,"column":4},"end":{"line":30,"column":17}},"14":{"start":{"line":31,"column":4},"end":{"line":31,"column":19}},"15":{"start":{"line":32,"column":4},"end":{"line":32,"column":23}},"16":{"start":{"line":33,"column":4},"end":{"line":33,"column":23}},"17":{"start":{"line":35,"column":2},"end":{"line":42,"column":4}},"18":{"start":{"line":16,"column":0},"end":{"line":16,"column":24}}},"fnMap":{"0":{"name":"toGregorian","decl":{"start":{"line":16,"column":24},"end":{"line":16,"column":35}},"loc":{"start":{"line":16,"column":46},"end":{"line":43,"column":1}}}},"branchMap":{"0":{"loc":{"start":{"line":20,"column":2},"end":{"line":34,"column":3}},"type":"if","locations":[{"start":{"line":20,"column":2},"end":{"line":34,"column":3}},{"start":{"line":27,"column":9},"end":{"line":34,"column":3}}]}},"s":{"0":1,"1":1,"2":16,"3":16,"4":16,"5":13,"6":13,"7":13,"8":13,"9":13,"10":13,"11":3,"12":3,"13":3,"14":3,"15":3,"16":3,"17":16,"18":1},"f":{"0":16},"b":{"0":[13,3]}}
,"/home/ptm/Documents/Node-js-projects/DATE-TIME/gregorian-julian.js/src/ifnav/index.ts": {"path":"/home/ptm/Documents/Node-js-projects/DATE-TIME/gregorian-julian.js/src/ifnav/index.ts","statementMap":{"0":{"start":{"line":1,"column":0},"end":{"line":1,"column":29}},"1":{"start":{"line":2,"column":14},"end":{"line":163,"column":1}},"2":{"start":{"line":3,"column":12},"end":{"line":3,"column":20}},"3":{"start":{"line":4,"column":14},"end":{"line":4,"column":27}},"4":{"start":{"line":5,"column":15},"end":{"line":5,"column":22}},"5":{"start":{"line":6,"column":18},"end":{"line":6,"column":66}},"6":{"start":{"line":25,"column":2},"end":{"line":154,"column":3}},"7":{"start":{"line":26,"column":4},"end":{"line":26,"column":21}},"8":{"start":{"line":27,"column":4},"end":{"line":27,"column":24}},"9":{"start":{"line":28,"column":4},"end":{"line":28,"column":24}},"10":{"start":{"line":29,"column":4},"end":{"line":29,"column":25}},"11":{"start":{"line":30,"column":4},"end":{"line":30,"column":24}},"12":{"start":{"line":31,"column":4},"end":{"line":31,"column":17}},"13":{"start":{"line":32,"column":4},"end":{"line":32,"column":25}},"14":{"start":{"line":33,"column":4},"end":{"line":33,"column":18}},"15":{"start":{"line":34,"column":4},"end":{"line":34,"column":24}},"16":{"start":{"line":35,"column":4},"end":{"line":35,"column":17}},"17":{"start":{"line":36,"column":4},"end":{"line":36,"column":31}},"18":{"start":{"line":37,"column":4},"end":{"line":37,"column":24}},"19":{"start":{"line":38,"column":4},"end":{"line":38,"column":26}},"20":{"start":{"line":39,"column":4},"end":{"line":39,"column":30}},"21":{"start":{"line":40,"column":4},"end":{"line":40,"column":30}},"22":{"start":{"line":41,"column":4},"end":{"line":43,"column":5}},"23":{"start":{"line":42,"column":6},"end":{"line":42,"column":22}},"24":{"start":{"line":44,"column":4},"end":{"line":65,"column":5}},"25":{"start":{"line":45,"column":6},"end":{"line":57,"column":7}},"26":{"start":{"line":45,"column":19},"end":{"line":45,"column":20}},"27":{"start":{"line":46,"column":8},"end":{"line":50,"column":9}},"28":{"start":{"line":47,"column":10},"end":{"line":47,"column":27}},"29":{"start":{"line":49,"column":10},"end":{"line":49,"column":16}},"30":{"start":{"line":51,"column":8},"end":{"line":51,"column":22}},"31":{"start":{"line":52,"column":8},"end":{"line":56,"column":9}},"32":{"start":{"line":53,"column":10},"end":{"line":53,"column":28}},"33":{"start":{"line":55,"column":10},"end":{"line":55,"column":24}},"34":{"start":{"line":59,"column":6},"end":{"line":59,"column":16}},"35":{"start":{"line":60,"column":6},"end":{"line":64,"column":7}},"36":{"start":{"line":61,"column":8},"end":{"line":61,"column":26}},"37":{"start":{"line":63,"column":8},"end":{"line":63,"column":22}},"38":{"start":{"line":67,"column":4},"end":{"line":153,"column":5}},"39":{"start":{"line":68,"column":6},"end":{"line":68,"column":22}},"40":{"start":{"line":69,"column":6},"end":{"line":69,"column":26}},"41":{"start":{"line":70,"column":6},"end":{"line":70,"column":24}},"42":{"start":{"line":71,"column":6},"end":{"line":71,"column":25}},"43":{"start":{"line":72,"column":6},"end":{"line":72,"column":26}},"44":{"start":{"line":73,"column":6},"end":{"line":73,"column":19}},"45":{"start":{"line":74,"column":6},"end":{"line":74,"column":27}},"46":{"start":{"line":75,"column":6},"end":{"line":75,"column":20}},"47":{"start":{"line":76,"column":6},"end":{"line":76,"column":26}},"48":{"start":{"line":77,"column":6},"end":{"line":77,"column":19}},"49":{"start":{"line":78,"column":6},"end":{"line":78,"column":33}},"50":{"start":{"line":79,"column":6},"end":{"line":79,"column":26}},"51":{"start":{"line":80,"column":6},"end":{"line":80,"column":28}},"52":{"start":{"line":81,"column":6},"end":{"line":81,"column":32}},"53":{"start":{"line":82,"column":6},"end":{"line":82,"column":32}},"54":{"start":{"line":83,"column":6},"end":{"line":85,"column":7}},"55":{"start":{"line":84,"column":8},"end":{"line":84,"column":24}},"56":{"start":{"line":86,"column":6},"end":{"line":107,"column":7}},"57":{"start":{"line":87,"column":8},"end":{"line":99,"column":9}},"58":{"start":{"line":87,"column":21},"end":{"line":87,"column":22}},"59":{"start":{"line":88,"column":10},"end":{"line":92,"column":11}},"60":{"start":{"line":89,"column":12},"end":{"line":89,"column":29}},"61":{"start":{"line":91,"column":12},"end":{"line":91,"column":18}},"62":{"start":{"line":93,"column":10},"end":{"line":93,"column":24}},"63":{"start":{"line":94,"column":10},"end":{"line":98,"column":11}},"64":{"start":{"line":95,"column":12},"end":{"line":95,"column":30}},"65":{"start":{"line":97,"column":12},"end":{"line":97,"column":26}},"66":{"start":{"line":101,"column":8},"end":{"line":101,"column":18}},"67":{"start":{"line":102,"column":8},"end":{"line":106,"column":9}},"68":{"start":{"line":103,"column":10},"end":{"line":103,"column":28}},"69":{"start":{"line":105,"column":10},"end":{"line":105,"column":24}},"70":{"start":{"line":109,"column":6},"end":{"line":109,"column":21}},"71":{"start":{"line":110,"column":6},"end":{"line":110,"column":26}},"72":{"start":{"line":111,"column":6},"end":{"line":111,"column":20}},"73":{"start":{"line":112,"column":6},"end":{"line":112,"column":19}},"74":{"start":{"line":113,"column":6},"end":{"line":113,"column":26}},"75":{"start":{"line":114,"column":6},"end":{"line":118,"column":7}},"76":{"start":{"line":115,"column":8},"end":{"line":115,"column":21}},"77":{"start":{"line":117,"column":8},"end":{"line":117,"column":16}},"78":{"start":{"line":119,"column":6},"end":{"line":119,"column":27}},"79":{"start":{"line":120,"column":6},"end":{"line":120,"column":20}},"80":{"start":{"line":121,"column":6},"end":{"line":121,"column":26}},"81":{"start":{"line":122,"column":6},"end":{"line":122,"column":19}},"82":{"start":{"line":123,"column":6},"end":{"line":123,"column":33}},"83":{"start":{"line":124,"column":6},"end":{"line":124,"column":26}},"84":{"start":{"line":125,"column":6},"end":{"line":125,"column":28}},"85":{"start":{"line":126,"column":6},"end":{"line":126,"column":32}},"86":{"start":{"line":127,"column":6},"end":{"line":127,"column":32}},"87":{"start":{"line":128,"column":6},"end":{"line":130,"column":7}},"88":{"start":{"line":129,"column":8},"end":{"line":129,"column":24}},"89":{"start":{"line":131,"column":6},"end":{"line":152,"column":7}},"90":{"start":{"line":132,"column":8},"end":{"line":144,"column":9}},"91":{"start":{"line":132,"column":21},"end":{"line":132,"column":22}},"92":{"start":{"line":133,"column":10},"end":{"line":137,"column":11}},"93":{"start":{"line":134,"column":12},"end":{"line":134,"column":29}},"94":{"start":{"line":136,"column":12},"end":{"line":136,"column":18}},"95":{"start":{"line":138,"column":10},"end":{"line":138,"column":24}},"96":{"start":{"line":139,"column":10},"end":{"line":143,"column":11}},"97":{"start":{"line":140,"column":12},"end":{"line":140,"column":30}},"98":{"start":{"line":142,"column":12},"end":{"line":142,"column":26}},"99":{"start":{"line":146,"column":8},"end":{"line":146,"column":18}},"100":{"start":{"line":147,"column":8},"end":{"line":151,"column":9}},"101":{"start":{"line":148,"column":10},"end":{"line":148,"column":28}},"102":{"start":{"line":150,"column":10},"end":{"line":150,"column":24}},"103":{"start":{"line":155,"column":2},"end":{"line":162,"column":4}},"104":{"start":{"line":165,"column":0},"end":{"line":165,"column":21}}},"fnMap":{"0":{"name":"(anonymous_1)","decl":{"start":{"line":2,"column":14},"end":{"line":2,"column":15}},"loc":{"start":{"line":2,"column":30},"end":{"line":163,"column":1}}}},"branchMap":{"0":{"loc":{"start":{"line":25,"column":2},"end":{"line":154,"column":3}},"type":"if","locations":[{"start":{"line":25,"column":2},"end":{"line":154,"column":3}},{"start":{"line":66,"column":9},"end":{"line":154,"column":3}}]},"1":{"loc":{"start":{"line":41,"column":4},"end":{"line":43,"column":5}},"type":"if","locations":[{"start":{"line":41,"column":4},"end":{"line":43,"column":5}}]},"2":{"loc":{"start":{"line":44,"column":4},"end":{"line":65,"column":5}},"type":"if","locations":[{"start":{"line":44,"column":4},"end":{"line":65,"column":5}},{"start":{"line":58,"column":11},"end":{"line":65,"column":5}}]},"3":{"loc":{"start":{"line":46,"column":8},"end":{"line":50,"column":9}},"type":"if","locations":[{"start":{"line":46,"column":8},"end":{"line":50,"column":9}},{"start":{"line":48,"column":15},"end":{"line":50,"column":9}}]},"4":{"loc":{"start":{"line":52,"column":8},"end":{"line":56,"column":9}},"type":"if","locations":[{"start":{"line":52,"column":8},"end":{"line":56,"column":9}},{"start":{"line":54,"column":15},"end":{"line":56,"column":9}}]},"5":{"loc":{"start":{"line":60,"column":6},"end":{"line":64,"column":7}},"type":"if","locations":[{"start":{"line":60,"column":6},"end":{"line":64,"column":7}},{"start":{"line":62,"column":13},"end":{"line":64,"column":7}}]},"6":{"loc":{"start":{"line":67,"column":4},"end":{"line":153,"column":5}},"type":"if","locations":[{"start":{"line":67,"column":4},"end":{"line":153,"column":5}},{"start":{"line":108,"column":11},"end":{"line":153,"column":5}}]},"7":{"loc":{"start":{"line":83,"column":6},"end":{"line":85,"column":7}},"type":"if","locations":[{"start":{"line":83,"column":6},"end":{"line":85,"column":7}}]},"8":{"loc":{"start":{"line":86,"column":6},"end":{"line":107,"column":7}},"type":"if","locations":[{"start":{"line":86,"column":6},"end":{"line":107,"column":7}},{"start":{"line":100,"column":13},"end":{"line":107,"column":7}}]},"9":{"loc":{"start":{"line":88,"column":10},"end":{"line":92,"column":11}},"type":"if","locations":[{"start":{"line":88,"column":10},"end":{"line":92,"column":11}},{"start":{"line":90,"column":17},"end":{"line":92,"column":11}}]},"10":{"loc":{"start":{"line":94,"column":10},"end":{"line":98,"column":11}},"type":"if","locations":[{"start":{"line":94,"column":10},"end":{"line":98,"column":11}},{"start":{"line":96,"column":17},"end":{"line":98,"column":11}}]},"11":{"loc":{"start":{"line":102,"column":8},"end":{"line":106,"column":9}},"type":"if","locations":[{"start":{"line":102,"column":8},"end":{"line":106,"column":9}},{"start":{"line":104,"column":15},"end":{"line":106,"column":9}}]},"12":{"loc":{"start":{"line":114,"column":6},"end":{"line":118,"column":7}},"type":"if","locations":[{"start":{"line":114,"column":6},"end":{"line":118,"column":7}},{"start":{"line":116,"column":13},"end":{"line":118,"column":7}}]},"13":{"loc":{"start":{"line":128,"column":6},"end":{"line":130,"column":7}},"type":"if","locations":[{"start":{"line":128,"column":6},"end":{"line":130,"column":7}}]},"14":{"loc":{"start":{"line":131,"column":6},"end":{"line":152,"column":7}},"type":"if","locations":[{"start":{"line":131,"column":6},"end":{"line":152,"column":7}},{"start":{"line":145,"column":13},"end":{"line":152,"column":7}}]},"15":{"loc":{"start":{"line":133,"column":10},"end":{"line":137,"column":11}},"type":"if","locations":[{"start":{"line":133,"column":10},"end":{"line":137,"column":11}},{"start":{"line":135,"column":17},"end":{"line":137,"column":11}}]},"16":{"loc":{"start":{"line":139,"column":10},"end":{"line":143,"column":11}},"type":"if","locations":[{"start":{"line":139,"column":10},"end":{"line":143,"column":11}},{"start":{"line":141,"column":17},"end":{"line":143,"column":11}}]},"17":{"loc":{"start":{"line":147,"column":8},"end":{"line":151,"column":9}},"type":"if","locations":[{"start":{"line":147,"column":8},"end":{"line":151,"column":9}},{"start":{"line":149,"column":15},"end":{"line":151,"column":9}}]}},"s":{"0":1,"1":1,"2":16,"3":16,"4":16,"5":16,"6":16,"7":1,"8":1,"9":1,"10":1,"11":1,"12":1,"13":1,"14":1,"15":1,"16":1,"17":1,"18":1,"19":1,"20":1,"21":1,"22":1,"23":0,"24":1,"25":1,"26":1,"27":11,"28":11,"29":0,"30":11,"31":11,"32":0,"33":11,"34":0,"35":0,"36":0,"37":0,"38":15,"39":0,"40":0,"41":0,"42":0,"43":0,"44":0,"45":0,"46":0,"47":0,"48":0,"49":0,"50":0,"51":0,"52":0,"53":0,"54":0,"55":0,"56":0,"57":0,"58":0,"59":0,"60":0,"61":0,"62":0,"63":0,"64":0,"65":0,"66":0,"67":0,"68":0,"69":0,"70":15,"71":15,"72":15,"73":15,"74":15,"75":15,"76":14,"77":1,"78":15,"79":15,"80":15,"81":15,"82":15,"83":15,"84":15,"85":15,"86":15,"87":15,"88":1,"89":15,"90":14,"91":14,"92":129,"93":115,"94":14,"95":115,"96":115,"97":0,"98":115,"99":1,"100":1,"101":1,"102":0,"103":16,"104":1},"f":{"0":16},"b":{"0":[1,15],"1":[0],"2":[1,0],"3":[11,0],"4":[0,11],"5":[0,0],"6":[0,15],"7":[0],"8":[0,0],"9":[0,0],"10":[0,0],"11":[0,0],"12":[14,1],"13":[1],"14":[14,1],"15":[115,14],"16":[0,115],"17":[1,0]}}
,"/home/ptm/Documents/Node-js-projects/DATE-TIME/gregorian-julian.js/src/ifpos/index.ts": {"path":"/home/ptm/Documents/Node-js-projects/DATE-TIME/gregorian-julian.js/src/ifpos/index.ts","statementMap":{"0":{"start":{"line":1,"column":0},"end":{"line":1,"column":29}},"1":{"start":{"line":2,"column":14},"end":{"line":36,"column":1}},"2":{"start":{"line":3,"column":12},"end":{"line":3,"column":27}},"3":{"start":{"line":4,"column":14},"end":{"line":4,"column":29}},"4":{"start":{"line":5,"column":15},"end":{"line":5,"column":22}},"5":{"start":{"line":7,"column":12},"end":{"line":7,"column":29}},"6":{"start":{"line":8,"column":13},"end":{"line":8,"column":35}},"7":{"start":{"line":9,"column":13},"end":{"line":9,"column":23}},"8":{"start":{"line":11,"column":12},"end":{"line":11,"column":41}},"9":{"start":{"line":12,"column":13},"end":{"line":12,"column":34}},"10":{"start":{"line":13,"column":13},"end":{"line":13,"column":22}},"11":{"start":{"line":15,"column":12},"end":{"line":15,"column":40}},"12":{"start":{"line":16,"column":13},"end":{"line":16,"column":32}},"13":{"start":{"line":17,"column":13},"end":{"line":17,"column":20}},"14":{"start":{"line":19,"column":13},"end":{"line":19,"column":38}},"15":{"start":{"line":20,"column":15},"end":{"line":20,"column":33}},"16":{"start":{"line":21,"column":16},"end":{"line":21,"column":32}},"17":{"start":{"line":22,"column":14},"end":{"line":22,"column":36}},"18":{"start":{"line":25,"column":15},"end":{"line":25,"column":31}},"19":{"start":{"line":26,"column":17},"end":{"line":26,"column":35}},"20":{"start":{"line":27,"column":17},"end":{"line":27,"column":35}},"21":{"start":{"line":28,"column":2},"end":{"line":35,"column":4}},"22":{"start":{"line":38,"column":0},"end":{"line":38,"column":21}}},"fnMap":{"0":{"name":"(anonymous_1)","decl":{"start":{"line":2,"column":14},"end":{"line":2,"column":15}},"loc":{"start":{"line":2,"column":30},"end":{"line":36,"column":1}}}},"branchMap":{},"s":{"0":1,"1":1,"2":16,"3":16,"4":16,"5":16,"6":16,"7":16,"8":16,"9":16,"10":16,"11":16,"12":16,"13":16,"14":16,"15":16,"16":16,"17":16,"18":16,"19":16,"20":16,"21":16,"22":1},"f":{"0":16},"b":{}}
,"/home/ptm/Documents/Node-js-projects/DATE-TIME/gregorian-julian.js/src/julian/index.ts": {"path":"/home/ptm/Documents/Node-js-projects/DATE-TIME/gregorian-julian.js/src/julian/index.ts","statementMap":{"0":{"start":{"line":12,"column":16},"end":{"line":14,"column":3}},"1":{"start":{"line":13,"column":4},"end":{"line":13,"column":23}},"2":{"start":{"line":15,"column":12},"end":{"line":15,"column":23}},"3":{"start":{"line":16,"column":12},"end":{"line":16,"column":24}},"4":{"start":{"line":17,"column":12},"end":{"line":17,"column":22}},"5":{"start":{"line":18,"column":12},"end":{"line":18,"column":32}},"6":{"start":{"line":19,"column":12},"end":{"line":19,"column":30}},"7":{"start":{"line":20,"column":2},"end":{"line":36,"column":3}},"8":{"start":{"line":21,"column":14},"end":{"line":21,"column":42}},"9":{"start":{"line":22,"column":15},"end":{"line":22,"column":23}},"10":{"start":{"line":23,"column":15},"end":{"line":23,"column":35}},"11":{"start":{"line":24,"column":15},"end":{"line":24,"column":23}},"12":{"start":{"line":25,"column":15},"end":{"line":25,"column":33}},"13":{"start":{"line":27,"column":6},"end":{"line":32,"column":9}},"14":{"start":{"line":33,"column":4},"end":{"line":33,"column":15}},"15":{"start":{"line":35,"column":4},"end":{"line":35,"column":15}},"16":{"start":{"line":11,"column":0},"end":{"line":11,"column":24}}},"fnMap":{"0":{"name":"toJD","decl":{"start":{"line":11,"column":24},"end":{"line":11,"column":28}},"loc":{"start":{"line":11,"column":69},"end":{"line":37,"column":1}}},"1":{"name":"(anonymous_1)","decl":{"start":{"line":12,"column":16},"end":{"line":12,"column":17}},"loc":{"start":{"line":12,"column":29},"end":{"line":14,"column":3}}}},"branchMap":{"0":{"loc":{"start":{"line":20,"column":2},"end":{"line":36,"column":3}},"type":"if","locations":[{"start":{"line":20,"column":2},"end":{"line":36,"column":3}},{"start":{"line":34,"column":9},"end":{"line":36,"column":3}}]},"1":{"loc":{"start":{"line":20,"column":7},"end":{"line":20,"column":28}},"type":"binary-expr","locations":[{"start":{"line":20,"column":7},"end":{"line":20,"column":8}},{"start":{"line":20,"column":12},"end":{"line":20,"column":13}},{"start":{"line":20,"column":17},"end":{"line":20,"column":18}},{"start":{"line":20,"column":22},"end":{"line":20,"column":23}},{"start":{"line":20,"column":27},"end":{"line":20,"column":28}}]}},"s":{"0":16,"1":48,"2":16,"3":16,"4":16,"5":16,"6":16,"7":16,"8":14,"9":14,"10":14,"11":14,"12":14,"13":14,"14":14,"15":2,"16":1},"f":{"0":16,"1":48},"b":{"0":[14,2],"1":[16,15,15,15,14]}}
}
