{"total": {"lines":{"total":174,"covered":135,"skipped":0,"pct":77.58},"statements":{"total":177,"covered":137,"skipped":0,"pct":77.4},"functions":{"total":6,"covered":6,"skipped":0,"pct":100},"branches":{"total":48,"covered":30,"skipped":0,"pct":62.5},"branchesTrue":{"total":0,"covered":0,"skipped":0,"pct":100}}
,"/home/ptm/Documents/Node-js-projects/DATE-TIME/gregorian-julian.js/src/f2hms/index.ts": {"lines":{"total":13,"covered":13,"skipped":0,"pct":100},"functions":{"total":1,"covered":1,"skipped":0,"pct":100},"statements":{"total":13,"covered":13,"skipped":0,"pct":100},"branches":{"total":6,"covered":6,"skipped":0,"pct":100}}
,"/home/ptm/Documents/Node-js-projects/DATE-TIME/gregorian-julian.js/src/gregorian/index.ts": {"lines":{"total":19,"covered":19,"skipped":0,"pct":100},"functions":{"total":1,"covered":1,"skipped":0,"pct":100},"statements":{"total":19,"covered":19,"skipped":0,"pct":100},"branches":{"total":2,"covered":2,"skipped":0,"pct":100}}
,"/home/ptm/Documents/Node-js-projects/DATE-TIME/gregorian-julian.js/src/ifnav/index.ts": {"lines":{"total":102,"covered":63,"skipped":0,"pct":61.76},"functions":{"total":1,"covered":1,"skipped":0,"pct":100},"statements":{"total":105,"covered":65,"skipped":0,"pct":61.9},"branches":{"total":33,"covered":15,"skipped":0,"pct":45.45}}
,"/home/ptm/Documents/Node-js-projects/DATE-TIME/gregorian-julian.js/src/ifpos/index.ts": {"lines":{"total":23,"covered":23,"skipped":0,"pct":100},"functions":{"total":1,"covered":1,"skipped":0,"pct":100},"statements":{"total":23,"covered":23,"skipped":0,"pct":100},"branches":{"total":0,"covered":0,"skipped":0,"pct":100}}
,"/home/ptm/Documents/Node-js-projects/DATE-TIME/gregorian-julian.js/src/julian/index.ts": {"lines":{"total":17,"covered":17,"skipped":0,"pct":100},"functions":{"total":2,"covered":2,"skipped":0,"pct":100},"statements":{"total":17,"covered":17,"skipped":0,"pct":100},"branches":{"total":7,"covered":7,"skipped":0,"pct":100}}
}
